<?xml version="1.0" encoding="UTF-8"?>
<testsuite name="com.example.data.ExampleUnitTest" tests="1" skipped="0" failures="0" errors="0" timestamp="2025-02-26T12:04:50" hostname="Macintosh.local" time="0.008">
  <properties/>
  <testcase name="addition_isCorrect" classname="com.example.data.ExampleUnitTest" time="0.008"/>
  <system-out><![CDATA[]]></system-out>
  <system-err><![CDATA[]]></system-err>
</testsuite>
